Started GET "/" for 127.0.0.1 at 2016-12-26 09:04:14 -0500
  
ActiveRecord::NoDatabaseError (FATAL:  database "test-app_development" does not exist
):
  
activerecord (5.0.1) lib/active_record/connection_adapters/postgresql_adapter.rb:675:in `rescue in connect'
activerecord (5.0.1) lib/active_record/connection_adapters/postgresql_adapter.rb:671:in `connect'
activerecord (5.0.1) lib/active_record/connection_adapters/postgresql_adapter.rb:217:in `initialize'
activerecord (5.0.1) lib/active_record/connection_adapters/postgresql_adapter.rb:37:in `new'
activerecord (5.0.1) lib/active_record/connection_adapters/postgresql_adapter.rb:37:in `postgresql_connection'
activerecord (5.0.1) lib/active_record/connection_adapters/abstract/connection_pool.rb:729:in `new_connection'
activerecord (5.0.1) lib/active_record/connection_adapters/abstract/connection_pool.rb:773:in `checkout_new_connection'
activerecord (5.0.1) lib/active_record/connection_adapters/abstract/connection_pool.rb:752:in `try_to_checkout_new_connection'
activerecord (5.0.1) lib/active_record/connection_adapters/abstract/connection_pool.rb:713:in `acquire_connection'
activerecord (5.0.1) lib/active_record/connection_adapters/abstract/connection_pool.rb:490:in `checkout'
activerecord (5.0.1) lib/active_record/connection_adapters/abstract/connection_pool.rb:364:in `connection'
activerecord (5.0.1) lib/active_record/connection_adapters/abstract/connection_pool.rb:883:in `retrieve_connection'
activerecord (5.0.1) lib/active_record/connection_handling.rb:128:in `retrieve_connection'
activerecord (5.0.1) lib/active_record/connection_handling.rb:91:in `connection'
activerecord (5.0.1) lib/active_record/migration.rb:559:in `connection'
activerecord (5.0.1) lib/active_record/migration.rb:546:in `call'
actionpack (5.0.1) lib/action_dispatch/middleware/callbacks.rb:38:in `block in call'
activesupport (5.0.1) lib/active_support/callbacks.rb:97:in `__run_callbacks__'
activesupport (5.0.1) lib/active_support/callbacks.rb:750:in `_run_call_callbacks'
activesupport (5.0.1) lib/active_support/callbacks.rb:90:in `run_callbacks'
actionpack (5.0.1) lib/action_dispatch/middleware/callbacks.rb:36:in `call'
actionpack (5.0.1) lib/action_dispatch/middleware/executor.rb:12:in `call'
actionpack (5.0.1) lib/action_dispatch/middleware/remote_ip.rb:79:in `call'
actionpack (5.0.1) lib/action_dispatch/middleware/debug_exceptions.rb:49:in `call'
web-console (3.4.0) lib/web_console/middleware.rb:135:in `call_app'
web-console (3.4.0) lib/web_console/middleware.rb:28:in `block in call'
web-console (3.4.0) lib/web_console/middleware.rb:18:in `catch'
web-console (3.4.0) lib/web_console/middleware.rb:18:in `call'
actionpack (5.0.1) lib/action_dispatch/middleware/show_exceptions.rb:31:in `call'
railties (5.0.1) lib/rails/rack/logger.rb:36:in `call_app'
railties (5.0.1) lib/rails/rack/logger.rb:24:in `block in call'
activesupport (5.0.1) lib/active_support/tagged_logging.rb:69:in `block in tagged'
activesupport (5.0.1) lib/active_support/tagged_logging.rb:26:in `tagged'
activesupport (5.0.1) lib/active_support/tagged_logging.rb:69:in `tagged'
railties (5.0.1) lib/rails/rack/logger.rb:24:in `call'
sprockets-rails (3.2.0) lib/sprockets/rails/quiet_assets.rb:13:in `call'
actionpack (5.0.1) lib/action_dispatch/middleware/request_id.rb:24:in `call'
rack (2.0.1) lib/rack/method_override.rb:22:in `call'
rack (2.0.1) lib/rack/runtime.rb:22:in `call'
activesupport (5.0.1) lib/active_support/cache/strategy/local_cache_middleware.rb:28:in `call'
actionpack (5.0.1) lib/action_dispatch/middleware/executor.rb:12:in `call'
actionpack (5.0.1) lib/action_dispatch/middleware/static.rb:136:in `call'
rack (2.0.1) lib/rack/sendfile.rb:111:in `call'
railties (5.0.1) lib/rails/engine.rb:522:in `call'
puma (3.6.2) lib/puma/configuration.rb:225:in `call'
puma (3.6.2) lib/puma/server.rb:578:in `handle_request'
puma (3.6.2) lib/puma/server.rb:415:in `process_client'
puma (3.6.2) lib/puma/server.rb:275:in `block in run'
puma (3.6.2) lib/puma/thread_pool.rb:116:in `block in spawn_thread'
  Rendering /home/tbullers/.rbenv/versions/2.3.3/lib/ruby/gems/2.3.0/gems/actionpack-5.0.1/lib/action_dispatch/middleware/templates/rescues/diagnostics.html.erb within rescues/layout
  Rendering /home/tbullers/.rbenv/versions/2.3.3/lib/ruby/gems/2.3.0/gems/actionpack-5.0.1/lib/action_dispatch/middleware/templates/rescues/_source.html.erb
  Rendered /home/tbullers/.rbenv/versions/2.3.3/lib/ruby/gems/2.3.0/gems/actionpack-5.0.1/lib/action_dispatch/middleware/templates/rescues/_source.html.erb (2.0ms)
  Rendering /home/tbullers/.rbenv/versions/2.3.3/lib/ruby/gems/2.3.0/gems/actionpack-5.0.1/lib/action_dispatch/middleware/templates/rescues/_trace.html.erb
  Rendered /home/tbullers/.rbenv/versions/2.3.3/lib/ruby/gems/2.3.0/gems/actionpack-5.0.1/lib/action_dispatch/middleware/templates/rescues/_trace.html.erb (1.3ms)
  Rendering /home/tbullers/.rbenv/versions/2.3.3/lib/ruby/gems/2.3.0/gems/actionpack-5.0.1/lib/action_dispatch/middleware/templates/rescues/_request_and_response.html.erb
  Rendered /home/tbullers/.rbenv/versions/2.3.3/lib/ruby/gems/2.3.0/gems/actionpack-5.0.1/lib/action_dispatch/middleware/templates/rescues/_request_and_response.html.erb (0.7ms)
  Rendered /home/tbullers/.rbenv/versions/2.3.3/lib/ruby/gems/2.3.0/gems/actionpack-5.0.1/lib/action_dispatch/middleware/templates/rescues/diagnostics.html.erb within rescues/layout (69.2ms)
  [1m[35m (10.8ms)[0m  [1m[35mCREATE TABLE "schema_migrations" ("version" character varying PRIMARY KEY)[0m
  [1m[35m (6.5ms)[0m  [1m[35mCREATE TABLE "ar_internal_metadata" ("key" character varying PRIMARY KEY, "value" character varying, "created_at" timestamp NOT NULL, "updated_at" timestamp NOT NULL)[0m
  [1m[35m (0.2ms)[0m  [1m[34mSELECT pg_try_advisory_lock(3190130976022293660);[0m
  [1m[36mActiveRecord::SchemaMigration Load (0.3ms)[0m  [1m[34mSELECT "schema_migrations".* FROM "schema_migrations"[0m
  [1m[36mActiveRecord::InternalMetadata Load (0.4ms)[0m  [1m[34mSELECT  "ar_internal_metadata".* FROM "ar_internal_metadata" WHERE "ar_internal_metadata"."key" = $1 LIMIT $2[0m  [["key", :environment], ["LIMIT", 1]]
  [1m[35m (0.1ms)[0m  [1m[35mBEGIN[0m
  [1m[35mSQL (0.3ms)[0m  [1m[32mINSERT INTO "ar_internal_metadata" ("key", "value", "created_at", "updated_at") VALUES ($1, $2, $3, $4) RETURNING "key"[0m  [["key", "environment"], ["value", "development"], ["created_at", 2016-12-26 14:31:39 UTC], ["updated_at", 2016-12-26 14:31:39 UTC]]
  [1m[35m (1.0ms)[0m  [1m[35mCOMMIT[0m
  [1m[35m (0.2ms)[0m  [1m[34mSELECT pg_advisory_unlock(3190130976022293660)[0m
  [1m[36mActiveRecord::SchemaMigration Load (0.1ms)[0m  [1m[34mSELECT "schema_migrations".* FROM "schema_migrations"[0m
  [1m[36mActiveRecord::SchemaMigration Load (0.3ms)[0m  [1m[34mSELECT "schema_migrations".* FROM "schema_migrations"[0m
  [1m[36mActiveRecord::SchemaMigration Load (0.1ms)[0m  [1m[34mSELECT "schema_migrations".* FROM "schema_migrations"[0m
  [1m[35mSQL (0.2ms)[0m  [1m[35mCREATE EXTENSION IF NOT EXISTS "plpgsql"[0m
  [1m[35m (0.3ms)[0m  [1m[34mSELECT version FROM "schema_migrations"[0m
  [1m[35m (1.9ms)[0m  [1m[32mINSERT INTO "schema_migrations" (version) VALUES ('0')[0m
  [1m[36mActiveRecord::InternalMetadata Load (0.3ms)[0m  [1m[34mSELECT  "ar_internal_metadata".* FROM "ar_internal_metadata" WHERE "ar_internal_metadata"."key" = $1 LIMIT $2[0m  [["key", :environment], ["LIMIT", 1]]
  [1m[35m (3.2ms)[0m  [1m[35mBEGIN[0m
  [1m[35m (0.1ms)[0m  [1m[35mCOMMIT[0m
  [1m[36mActiveRecord::InternalMetadata Load (4.6ms)[0m  [1m[34mSELECT  "ar_internal_metadata".* FROM "ar_internal_metadata" WHERE "ar_internal_metadata"."key" = $1 LIMIT $2[0m  [["key", :environment], ["LIMIT", 1]]
  [1m[35m (0.1ms)[0m  [1m[35mBEGIN[0m
  [1m[35m (0.1ms)[0m  [1m[35mCOMMIT[0m
  [1m[35mSQL (0.2ms)[0m  [1m[35mCREATE EXTENSION IF NOT EXISTS "plpgsql"[0m
  [1m[35m (7.7ms)[0m  [1m[35mCREATE TABLE "schema_migrations" ("version" character varying PRIMARY KEY)[0m
  [1m[35m (3.1ms)[0m  [1m[34mSELECT version FROM "schema_migrations"[0m
  [1m[35m (2.4ms)[0m  [1m[32mINSERT INTO "schema_migrations" (version) VALUES ('0')[0m
  [1m[35m (5.8ms)[0m  [1m[35mCREATE TABLE "ar_internal_metadata" ("key" character varying PRIMARY KEY, "value" character varying, "created_at" timestamp NOT NULL, "updated_at" timestamp NOT NULL)[0m
  [1m[36mActiveRecord::InternalMetadata Load (0.2ms)[0m  [1m[34mSELECT  "ar_internal_metadata".* FROM "ar_internal_metadata" WHERE "ar_internal_metadata"."key" = $1 LIMIT $2[0m  [["key", :environment], ["LIMIT", 1]]
  [1m[35m (0.1ms)[0m  [1m[35mBEGIN[0m
  [1m[35mSQL (0.2ms)[0m  [1m[32mINSERT INTO "ar_internal_metadata" ("key", "value", "created_at", "updated_at") VALUES ($1, $2, $3, $4) RETURNING "key"[0m  [["key", "environment"], ["value", "development"], ["created_at", 2016-12-26 14:31:44 UTC], ["updated_at", 2016-12-26 14:31:44 UTC]]
  [1m[35m (0.8ms)[0m  [1m[35mCOMMIT[0m
  [1m[36mActiveRecord::InternalMetadata Load (0.1ms)[0m  [1m[34mSELECT  "ar_internal_metadata".* FROM "ar_internal_metadata" WHERE "ar_internal_metadata"."key" = $1 LIMIT $2[0m  [["key", :environment], ["LIMIT", 1]]
  [1m[35m (12.9ms)[0m  [1m[35mBEGIN[0m
  [1m[35m (0.1ms)[0m  [1m[35mCOMMIT[0m
  [1m[36mActiveRecord::SchemaMigration Load (0.4ms)[0m  [1m[34mSELECT "schema_migrations".* FROM "schema_migrations"[0m
Started GET "/" for 127.0.0.1 at 2016-12-26 09:32:17 -0500
Processing by Rails::WelcomeController#index as HTML
  Parameters: {"internal"=>true}
  Rendering /home/tbullers/.rbenv/versions/2.3.3/lib/ruby/gems/2.3.0/gems/railties-5.0.1/lib/rails/templates/rails/welcome/index.html.erb
  Rendered /home/tbullers/.rbenv/versions/2.3.3/lib/ruby/gems/2.3.0/gems/railties-5.0.1/lib/rails/templates/rails/welcome/index.html.erb (5.4ms)
Completed 200 OK in 32ms (Views: 14.0ms | ActiveRecord: 0.0ms)


  [1m[35m (0.1ms)[0m  [1m[34mSELECT pg_try_advisory_lock(3190130976022293660);[0m
  [1m[36mActiveRecord::SchemaMigration Load (0.3ms)[0m  [1m[34mSELECT "schema_migrations".* FROM "schema_migrations"[0m
Migrating to CreatePosts (20161226143258)
  [1m[35m (0.1ms)[0m  [1m[35mBEGIN[0m
  [1m[35m (6.1ms)[0m  [1m[35mCREATE TABLE "posts" ("id" serial primary key, "title" character varying, "body" text, "created_at" timestamp NOT NULL, "updated_at" timestamp NOT NULL)[0m
  [1m[35mSQL (0.3ms)[0m  [1m[32mINSERT INTO "schema_migrations" ("version") VALUES ($1) RETURNING "version"[0m  [["version", "20161226143258"]]
  [1m[35m (2.7ms)[0m  [1m[35mCOMMIT[0m
  [1m[36mActiveRecord::InternalMetadata Load (0.2ms)[0m  [1m[34mSELECT  "ar_internal_metadata".* FROM "ar_internal_metadata" WHERE "ar_internal_metadata"."key" = $1 LIMIT $2[0m  [["key", :environment], ["LIMIT", 1]]
  [1m[35m (5.4ms)[0m  [1m[35mBEGIN[0m
  [1m[35m (0.1ms)[0m  [1m[35mCOMMIT[0m
  [1m[35m (0.2ms)[0m  [1m[34mSELECT pg_advisory_unlock(3190130976022293660)[0m
  [1m[36mActiveRecord::SchemaMigration Load (0.1ms)[0m  [1m[34mSELECT "schema_migrations".* FROM "schema_migrations"[0m
Started GET "/" for 127.0.0.1 at 2016-12-26 09:33:15 -0500
  [1m[36mActiveRecord::SchemaMigration Load (0.5ms)[0m  [1m[34mSELECT "schema_migrations".* FROM "schema_migrations"[0m
Processing by Rails::WelcomeController#index as HTML
  Parameters: {"internal"=>true}
  Rendering /home/tbullers/.rbenv/versions/2.3.3/lib/ruby/gems/2.3.0/gems/railties-5.0.1/lib/rails/templates/rails/welcome/index.html.erb
  Rendered /home/tbullers/.rbenv/versions/2.3.3/lib/ruby/gems/2.3.0/gems/railties-5.0.1/lib/rails/templates/rails/welcome/index.html.erb (6.7ms)
Completed 200 OK in 38ms (Views: 18.6ms | ActiveRecord: 0.0ms)


Started GET "/post" for 127.0.0.1 at 2016-12-26 09:33:21 -0500
  
ActionController::RoutingError (No route matches [GET] "/post"):
  
actionpack (5.0.1) lib/action_dispatch/middleware/debug_exceptions.rb:53:in `call'
web-console (3.4.0) lib/web_console/middleware.rb:135:in `call_app'
web-console (3.4.0) lib/web_console/middleware.rb:28:in `block in call'
web-console (3.4.0) lib/web_console/middleware.rb:18:in `catch'
web-console (3.4.0) lib/web_console/middleware.rb:18:in `call'
actionpack (5.0.1) lib/action_dispatch/middleware/show_exceptions.rb:31:in `call'
railties (5.0.1) lib/rails/rack/logger.rb:36:in `call_app'
railties (5.0.1) lib/rails/rack/logger.rb:24:in `block in call'
activesupport (5.0.1) lib/active_support/tagged_logging.rb:69:in `block in tagged'
activesupport (5.0.1) lib/active_support/tagged_logging.rb:26:in `tagged'
activesupport (5.0.1) lib/active_support/tagged_logging.rb:69:in `tagged'
railties (5.0.1) lib/rails/rack/logger.rb:24:in `call'
sprockets-rails (3.2.0) lib/sprockets/rails/quiet_assets.rb:13:in `call'
actionpack (5.0.1) lib/action_dispatch/middleware/request_id.rb:24:in `call'
rack (2.0.1) lib/rack/method_override.rb:22:in `call'
rack (2.0.1) lib/rack/runtime.rb:22:in `call'
activesupport (5.0.1) lib/active_support/cache/strategy/local_cache_middleware.rb:28:in `call'
actionpack (5.0.1) lib/action_dispatch/middleware/executor.rb:12:in `call'
actionpack (5.0.1) lib/action_dispatch/middleware/static.rb:136:in `call'
rack (2.0.1) lib/rack/sendfile.rb:111:in `call'
railties (5.0.1) lib/rails/engine.rb:522:in `call'
puma (3.6.2) lib/puma/configuration.rb:225:in `call'
puma (3.6.2) lib/puma/server.rb:578:in `handle_request'
puma (3.6.2) lib/puma/server.rb:415:in `process_client'
puma (3.6.2) lib/puma/server.rb:275:in `block in run'
puma (3.6.2) lib/puma/thread_pool.rb:116:in `block in spawn_thread'
  Rendering /home/tbullers/.rbenv/versions/2.3.3/lib/ruby/gems/2.3.0/gems/actionpack-5.0.1/lib/action_dispatch/middleware/templates/rescues/routing_error.html.erb within rescues/layout
  Rendering /home/tbullers/.rbenv/versions/2.3.3/lib/ruby/gems/2.3.0/gems/actionpack-5.0.1/lib/action_dispatch/middleware/templates/rescues/_trace.html.erb
  Rendered /home/tbullers/.rbenv/versions/2.3.3/lib/ruby/gems/2.3.0/gems/actionpack-5.0.1/lib/action_dispatch/middleware/templates/rescues/_trace.html.erb (1.8ms)
  Rendered collection of /home/tbullers/.rbenv/versions/2.3.3/lib/ruby/gems/2.3.0/gems/actionpack-5.0.1/lib/action_dispatch/middleware/templates/routes/_route.html.erb [8 times] (4.9ms)
  Rendered /home/tbullers/.rbenv/versions/2.3.3/lib/ruby/gems/2.3.0/gems/actionpack-5.0.1/lib/action_dispatch/middleware/templates/routes/_table.html.erb (14.7ms)
  Rendering /home/tbullers/.rbenv/versions/2.3.3/lib/ruby/gems/2.3.0/gems/actionpack-5.0.1/lib/action_dispatch/middleware/templates/rescues/_request_and_response.html.erb
  Rendered /home/tbullers/.rbenv/versions/2.3.3/lib/ruby/gems/2.3.0/gems/actionpack-5.0.1/lib/action_dispatch/middleware/templates/rescues/_request_and_response.html.erb (1.0ms)
  Rendered /home/tbullers/.rbenv/versions/2.3.3/lib/ruby/gems/2.3.0/gems/actionpack-5.0.1/lib/action_dispatch/middleware/templates/rescues/routing_error.html.erb within rescues/layout (90.5ms)
Started GET "/posts" for 127.0.0.1 at 2016-12-26 09:33:39 -0500
Processing by PostsController#index as HTML
  Rendering posts/index.html.erb within layouts/application
  [1m[36mPost Load (0.5ms)[0m  [1m[34mSELECT "posts".* FROM "posts"[0m
  Rendered posts/index.html.erb within layouts/application (4.1ms)
Completed 200 OK in 1407ms (Views: 1399.8ms | ActiveRecord: 1.9ms)


Started GET "/posts/new" for 127.0.0.1 at 2016-12-26 09:33:44 -0500
Processing by PostsController#new as HTML
  Rendering posts/new.html.erb within layouts/application
  Rendered posts/_form.html.erb (25.9ms)
  Rendered posts/new.html.erb within layouts/application (34.0ms)
Completed 200 OK in 131ms (Views: 105.9ms | ActiveRecord: 1.9ms)


Started POST "/posts" for 127.0.0.1 at 2016-12-26 09:33:50 -0500
Processing by PostsController#create as HTML
  Parameters: {"utf8"=>"✓", "authenticity_token"=>"I+MeWHJg/8XUiB/xrm2G0ZVz0yM2s8GT5VgDE8RsiTUCP1DIdCaUr5Kb5H3x6pfoL0XuKSNeIRUun+UXxoVm7g==", "post"=>{"title"=>"stuf", "body"=>"more stuf"}, "commit"=>"Create Post"}
  [1m[35m (1.1ms)[0m  [1m[35mBEGIN[0m
  [1m[35mSQL (6.9ms)[0m  [1m[32mINSERT INTO "posts" ("title", "body", "created_at", "updated_at") VALUES ($1, $2, $3, $4) RETURNING "id"[0m  [["title", "stuf"], ["body", "more stuf"], ["created_at", 2016-12-26 14:33:50 UTC], ["updated_at", 2016-12-26 14:33:50 UTC]]
  [1m[35m (6.4ms)[0m  [1m[35mCOMMIT[0m
Redirected to http://localhost:3000/posts/1
Completed 302 Found in 38ms (ActiveRecord: 14.4ms)


Started GET "/posts/1" for 127.0.0.1 at 2016-12-26 09:33:50 -0500
Processing by PostsController#show as HTML
  Parameters: {"id"=>"1"}
  [1m[36mPost Load (0.2ms)[0m  [1m[34mSELECT  "posts".* FROM "posts" WHERE "posts"."id" = $1 LIMIT $2[0m  [["id", 1], ["LIMIT", 1]]
  Rendering posts/show.html.erb within layouts/application
  Rendered posts/show.html.erb within layouts/application (3.2ms)
Completed 200 OK in 103ms (Views: 88.8ms | ActiveRecord: 4.5ms)


Started GET "/posts/1/edit" for 127.0.0.1 at 2016-12-26 09:33:58 -0500
Processing by PostsController#edit as HTML
  Parameters: {"id"=>"1"}
  [1m[36mPost Load (0.4ms)[0m  [1m[34mSELECT  "posts".* FROM "posts" WHERE "posts"."id" = $1 LIMIT $2[0m  [["id", 1], ["LIMIT", 1]]
  Rendering posts/edit.html.erb within layouts/application
  Rendered posts/_form.html.erb (8.4ms)
  Rendered posts/edit.html.erb within layouts/application (15.6ms)
Completed 200 OK in 120ms (Views: 100.2ms | ActiveRecord: 15.3ms)


Started GET "/posts/1/edit" for 127.0.0.1 at 2016-12-26 09:41:33 -0500
  [1m[36mActiveRecord::SchemaMigration Load (2.4ms)[0m  [1m[34mSELECT "schema_migrations".* FROM "schema_migrations"[0m
Processing by PostsController#edit as HTML
  Parameters: {"id"=>"1"}
  [1m[36mPost Load (7.2ms)[0m  [1m[34mSELECT  "posts".* FROM "posts" WHERE "posts"."id" = $1 LIMIT $2[0m  [["id", 1], ["LIMIT", 1]]
  Rendering posts/edit.html.erb within layouts/application
  Rendered posts/_form.html.erb (43.8ms)
  Rendered posts/edit.html.erb within layouts/application (53.5ms)
Completed 200 OK in 474ms (Views: 431.2ms | ActiveRecord: 9.8ms)


Started GET "/" for 127.0.0.1 at 2016-12-26 09:50:37 -0500
  [1m[36mActiveRecord::SchemaMigration Load (1.1ms)[0m  [1m[34mSELECT "schema_migrations".* FROM "schema_migrations"[0m
Processing by Rails::WelcomeController#index as HTML
  Parameters: {"internal"=>true}
  Rendering /home/tbullers/.rbenv/versions/2.3.3/lib/ruby/gems/2.3.0/gems/railties-5.0.1/lib/rails/templates/rails/welcome/index.html.erb
  Rendered /home/tbullers/.rbenv/versions/2.3.3/lib/ruby/gems/2.3.0/gems/railties-5.0.1/lib/rails/templates/rails/welcome/index.html.erb (9.3ms)
Completed 200 OK in 37ms (Views: 15.9ms | ActiveRecord: 0.0ms)


Started GET "/posts" for 127.0.0.1 at 2016-12-26 09:50:44 -0500
Processing by PostsController#index as HTML
  Rendering posts/index.html.erb within layouts/application
  [1m[36mPost Load (4.3ms)[0m  [1m[34mSELECT "posts".* FROM "posts"[0m
  Rendered posts/index.html.erb within layouts/application (43.1ms)
Completed 200 OK in 463ms (Views: 435.9ms | ActiveRecord: 19.2ms)


Started GET "/posts" for 127.0.0.1 at 2016-12-26 09:51:31 -0500
Processing by PostsController#index as HTML
  Rendering posts/index.html.erb within layouts/application
  [1m[36mPost Load (2.1ms)[0m  [1m[34mSELECT "posts".* FROM "posts"[0m
  Rendered posts/index.html.erb within layouts/application (3.7ms)
Completed 200 OK in 34ms (Views: 31.1ms | ActiveRecord: 2.1ms)


Started GET "/posts" for 127.0.0.1 at 2016-12-26 09:59:33 -0500
Processing by PostsController#index as HTML
  Rendering posts/index.html.erb within layouts/application
  [1m[36mPost Load (1.4ms)[0m  [1m[34mSELECT "posts".* FROM "posts"[0m
  Rendered posts/index.html.erb within layouts/application (3.0ms)
Completed 200 OK in 55ms (Views: 52.3ms | ActiveRecord: 1.4ms)


Started GET "/posts/new" for 127.0.0.1 at 2016-12-26 09:59:36 -0500
Processing by PostsController#new as HTML
  Rendering posts/new.html.erb within layouts/application
  Rendered posts/_form.html.erb (30.6ms)
  Rendered posts/new.html.erb within layouts/application (36.2ms)
Completed 200 OK in 86ms (Views: 78.6ms | ActiveRecord: 0.0ms)


Started GET "/posts" for 127.0.0.1 at 2016-12-26 09:59:38 -0500
Processing by PostsController#index as HTML
  Rendering posts/index.html.erb within layouts/application
  [1m[36mPost Load (7.5ms)[0m  [1m[34mSELECT "posts".* FROM "posts"[0m
  Rendered posts/index.html.erb within layouts/application (23.2ms)
Completed 200 OK in 73ms (Views: 54.9ms | ActiveRecord: 7.5ms)


Started GET "/" for 127.0.0.1 at 2016-12-26 10:04:14 -0500
  [1m[36mActiveRecord::SchemaMigration Load (0.4ms)[0m  [1m[34mSELECT "schema_migrations".* FROM "schema_migrations"[0m
Processing by Rails::WelcomeController#index as HTML
  Parameters: {"internal"=>true}
  Rendering /home/tbullers/.rbenv/versions/2.3.3/lib/ruby/gems/2.3.0/gems/railties-5.0.1/lib/rails/templates/rails/welcome/index.html.erb
  Rendered /home/tbullers/.rbenv/versions/2.3.3/lib/ruby/gems/2.3.0/gems/railties-5.0.1/lib/rails/templates/rails/welcome/index.html.erb (3.2ms)
Completed 200 OK in 47ms (Views: 24.4ms | ActiveRecord: 0.0ms)


Started GET "/posts" for 127.0.0.1 at 2016-12-26 10:06:09 -0500
  [1m[36mActiveRecord::SchemaMigration Load (0.4ms)[0m  [1m[34mSELECT "schema_migrations".* FROM "schema_migrations"[0m
Processing by PostsController#index as HTML
  Rendering posts/index.html.erb within layouts/application
  [1m[36mPost Load (0.4ms)[0m  [1m[34mSELECT "posts".* FROM "posts"[0m
  Rendered posts/index.html.erb within layouts/application (27.7ms)
Completed 200 OK in 367ms (Views: 337.5ms | ActiveRecord: 6.4ms)


Started GET "/posts" for 127.0.0.1 at 2016-12-26 10:13:45 -0500
  [1m[36mActiveRecord::SchemaMigration Load (0.5ms)[0m  [1m[34mSELECT "schema_migrations".* FROM "schema_migrations"[0m
Processing by PostsController#index as HTML
  Rendering posts/index.html.erb within layouts/application
  [1m[36mPost Load (2.8ms)[0m  [1m[34mSELECT "posts".* FROM "posts"[0m
  Rendered posts/index.html.erb within layouts/application (17.4ms)
Completed 200 OK in 381ms (Views: 335.3ms | ActiveRecord: 9.4ms)


Started GET "/posts" for 127.0.0.1 at 2016-12-26 10:13:48 -0500
Processing by PostsController#index as HTML
  Rendering posts/index.html.erb within layouts/application
  [1m[36mPost Load (3.0ms)[0m  [1m[34mSELECT "posts".* FROM "posts"[0m
  Rendered posts/index.html.erb within layouts/application (8.6ms)
Completed 200 OK in 51ms (Views: 46.5ms | ActiveRecord: 3.0ms)


Started GET "/posts/1" for 127.0.0.1 at 2016-12-26 10:13:51 -0500
Processing by PostsController#show as HTML
  Parameters: {"id"=>"1"}
  [1m[36mPost Load (0.4ms)[0m  [1m[34mSELECT  "posts".* FROM "posts" WHERE "posts"."id" = $1 LIMIT $2[0m  [["id", 1], ["LIMIT", 1]]
  Rendering posts/show.html.erb within layouts/application
  Rendered posts/show.html.erb within layouts/application (0.8ms)
Completed 200 OK in 63ms (Views: 35.1ms | ActiveRecord: 5.0ms)


Started GET "/posts/1" for 127.0.0.1 at 2016-12-26 10:15:42 -0500
Processing by PostsController#show as HTML
  Parameters: {"id"=>"1"}
  [1m[36mPost Load (2.0ms)[0m  [1m[34mSELECT  "posts".* FROM "posts" WHERE "posts"."id" = $1 LIMIT $2[0m  [["id", 1], ["LIMIT", 1]]
  Rendering posts/show.html.erb within layouts/application
  Rendered posts/show.html.erb within layouts/application (0.7ms)
Completed 200 OK in 57ms (Views: 53.8ms | ActiveRecord: 2.0ms)


Started GET "/posts/1" for 127.0.0.1 at 2016-12-26 10:15:44 -0500
Processing by PostsController#show as HTML
  Parameters: {"id"=>"1"}
  [1m[36mPost Load (1.5ms)[0m  [1m[34mSELECT  "posts".* FROM "posts" WHERE "posts"."id" = $1 LIMIT $2[0m  [["id", 1], ["LIMIT", 1]]
  Rendering posts/show.html.erb within layouts/application
  Rendered posts/show.html.erb within layouts/application (0.8ms)
Completed 200 OK in 102ms (Views: 98.5ms | ActiveRecord: 1.5ms)


Started GET "/posts/1" for 127.0.0.1 at 2016-12-26 10:20:06 -0500
  [1m[36mActiveRecord::SchemaMigration Load (0.4ms)[0m  [1m[34mSELECT "schema_migrations".* FROM "schema_migrations"[0m
Processing by PostsController#show as HTML
  Parameters: {"id"=>"1"}
  [1m[36mPost Load (0.2ms)[0m  [1m[34mSELECT  "posts".* FROM "posts" WHERE "posts"."id" = $1 LIMIT $2[0m  [["id", 1], ["LIMIT", 1]]
  Rendering posts/show.html.erb within layouts/application
  Rendered posts/show.html.erb within layouts/application (3.4ms)
Completed 200 OK in 374ms (Views: 330.5ms | ActiveRecord: 5.5ms)


Started GET "/posts/1" for 127.0.0.1 at 2016-12-26 10:26:40 -0500
  [1m[36mActiveRecord::SchemaMigration Load (3.7ms)[0m  [1m[34mSELECT "schema_migrations".* FROM "schema_migrations"[0m
Processing by PostsController#show as HTML
  Parameters: {"id"=>"1"}
  [1m[36mPost Load (2.8ms)[0m  [1m[34mSELECT  "posts".* FROM "posts" WHERE "posts"."id" = $1 LIMIT $2[0m  [["id", 1], ["LIMIT", 1]]
  Rendering posts/show.html.erb within layouts/application
  Rendered posts/show.html.erb within layouts/application (16.7ms)
Completed 200 OK in 391ms (Views: 350.0ms | ActiveRecord: 12.3ms)


Started GET "/" for 127.0.0.1 at 2016-12-26 10:26:47 -0500
Processing by Rails::WelcomeController#index as HTML
  Parameters: {"internal"=>true}
  Rendering /home/tbullers/.rbenv/versions/2.3.3/lib/ruby/gems/2.3.0/gems/railties-5.0.1/lib/rails/templates/rails/welcome/index.html.erb
  Rendered /home/tbullers/.rbenv/versions/2.3.3/lib/ruby/gems/2.3.0/gems/railties-5.0.1/lib/rails/templates/rails/welcome/index.html.erb (2.0ms)
Completed 200 OK in 10ms (Views: 8.6ms | ActiveRecord: 0.0ms)


Started GET "/" for 10.0.2.2 at 2016-12-26 10:26:53 -0500
Cannot render console from 10.0.2.2! Allowed networks: 127.0.0.1, ::1, 127.0.0.0/127.255.255.255
Processing by Rails::WelcomeController#index as HTML
  Parameters: {"internal"=>true}
  Rendering /home/tbullers/.rbenv/versions/2.3.3/lib/ruby/gems/2.3.0/gems/railties-5.0.1/lib/rails/templates/rails/welcome/index.html.erb
  Rendered /home/tbullers/.rbenv/versions/2.3.3/lib/ruby/gems/2.3.0/gems/railties-5.0.1/lib/rails/templates/rails/welcome/index.html.erb (5.1ms)
Completed 200 OK in 7ms (Views: 6.3ms | ActiveRecord: 0.0ms)


Started GET "/posts" for 10.0.2.2 at 2016-12-26 10:37:12 -0500
Cannot render console from 10.0.2.2! Allowed networks: 127.0.0.1, ::1, 127.0.0.0/127.255.255.255
Processing by PostsController#index as HTML
  Rendering posts/index.html.erb within layouts/application
  [1m[36mPost Load (1.2ms)[0m  [1m[34mSELECT "posts".* FROM "posts"[0m
  Rendered posts/index.html.erb within layouts/application (13.0ms)
Completed 200 OK in 105ms (Views: 102.5ms | ActiveRecord: 1.2ms)


Started GET "/posts" for 10.0.2.2 at 2016-12-26 10:37:15 -0500
Cannot render console from 10.0.2.2! Allowed networks: 127.0.0.1, ::1, 127.0.0.0/127.255.255.255
Processing by PostsController#index as HTML
  Rendering posts/index.html.erb within layouts/application
  [1m[36mPost Load (0.5ms)[0m  [1m[34mSELECT "posts".* FROM "posts"[0m
  Rendered posts/index.html.erb within layouts/application (1.9ms)
Completed 200 OK in 40ms (Views: 38.6ms | ActiveRecord: 0.5ms)


Started GET "/" for 10.0.2.2 at 2016-12-26 10:37:21 -0500
Cannot render console from 10.0.2.2! Allowed networks: 127.0.0.1, ::1, 127.0.0.0/127.255.255.255
Processing by Rails::WelcomeController#index as HTML
  Parameters: {"internal"=>true}
  Rendering /home/tbullers/.rbenv/versions/2.3.3/lib/ruby/gems/2.3.0/gems/railties-5.0.1/lib/rails/templates/rails/welcome/index.html.erb
  Rendered /home/tbullers/.rbenv/versions/2.3.3/lib/ruby/gems/2.3.0/gems/railties-5.0.1/lib/rails/templates/rails/welcome/index.html.erb (2.1ms)
Completed 200 OK in 4ms (Views: 3.1ms | ActiveRecord: 0.0ms)


Started GET "/" for 10.0.2.2 at 2016-12-26 10:37:45 -0500
Cannot render console from 10.0.2.2! Allowed networks: 127.0.0.1, ::1, 127.0.0.0/127.255.255.255
Processing by Rails::WelcomeController#index as HTML
  Parameters: {"internal"=>true}
  Rendering /home/tbullers/.rbenv/versions/2.3.3/lib/ruby/gems/2.3.0/gems/railties-5.0.1/lib/rails/templates/rails/welcome/index.html.erb
  Rendered /home/tbullers/.rbenv/versions/2.3.3/lib/ruby/gems/2.3.0/gems/railties-5.0.1/lib/rails/templates/rails/welcome/index.html.erb (7.1ms)
Completed 200 OK in 20ms (Views: 16.0ms | ActiveRecord: 0.0ms)


Started GET "/" for 10.0.2.2 at 2016-12-26 10:37:47 -0500
Cannot render console from 10.0.2.2! Allowed networks: 127.0.0.1, ::1, 127.0.0.0/127.255.255.255
Processing by Rails::WelcomeController#index as HTML
  Parameters: {"internal"=>true}
  Rendering /home/tbullers/.rbenv/versions/2.3.3/lib/ruby/gems/2.3.0/gems/railties-5.0.1/lib/rails/templates/rails/welcome/index.html.erb
  Rendered /home/tbullers/.rbenv/versions/2.3.3/lib/ruby/gems/2.3.0/gems/railties-5.0.1/lib/rails/templates/rails/welcome/index.html.erb (2.2ms)
Completed 200 OK in 4ms (Views: 3.0ms | ActiveRecord: 0.0ms)


Started GET "/" for 10.0.2.2 at 2016-12-26 13:45:43 -0500
Cannot render console from 10.0.2.2! Allowed networks: 127.0.0.1, ::1, 127.0.0.0/127.255.255.255
Processing by Rails::WelcomeController#index as HTML
  Parameters: {"internal"=>true}
  Rendering /home/tbullers/.rbenv/versions/2.3.3/lib/ruby/gems/2.3.0/gems/railties-5.0.1/lib/rails/templates/rails/welcome/index.html.erb
  Rendered /home/tbullers/.rbenv/versions/2.3.3/lib/ruby/gems/2.3.0/gems/railties-5.0.1/lib/rails/templates/rails/welcome/index.html.erb (4.6ms)
Completed 200 OK in 12ms (Views: 11.0ms | ActiveRecord: 0.0ms)


Started GET "/posts" for 10.0.2.2 at 2016-12-26 13:45:49 -0500
Cannot render console from 10.0.2.2! Allowed networks: 127.0.0.1, ::1, 127.0.0.0/127.255.255.255
Processing by PostsController#index as HTML
  Rendering posts/index.html.erb within layouts/application
  [1m[36mPost Load (0.4ms)[0m  [1m[34mSELECT "posts".* FROM "posts"[0m
  Rendered posts/index.html.erb within layouts/application (3.6ms)
Completed 200 OK in 562ms (Views: 552.9ms | ActiveRecord: 2.0ms)


Started GET "/posts" for 10.0.2.2 at 2016-12-26 13:46:44 -0500
Cannot render console from 10.0.2.2! Allowed networks: 127.0.0.1, ::1, 127.0.0.0/127.255.255.255
  [1m[36mActiveRecord::SchemaMigration Load (0.4ms)[0m  [1m[34mSELECT "schema_migrations".* FROM "schema_migrations"[0m
Processing by PostsController#index as HTML
  Rendering posts/index.html.erb within layouts/application
  [1m[36mPost Load (0.3ms)[0m  [1m[34mSELECT "posts".* FROM "posts"[0m
  Rendered posts/index.html.erb within layouts/application (6.1ms)
Completed 200 OK in 226ms (Views: 214.1ms | ActiveRecord: 1.1ms)


Started GET "/" for 10.0.2.2 at 2016-12-26 13:46:56 -0500
Cannot render console from 10.0.2.2! Allowed networks: 127.0.0.1, ::1, 127.0.0.0/127.255.255.255
Processing by Rails::WelcomeController#index as HTML
  Parameters: {"internal"=>true}
  Rendering /home/tbullers/.rbenv/versions/2.3.3/lib/ruby/gems/2.3.0/gems/railties-5.0.1/lib/rails/templates/rails/welcome/index.html.erb
  Rendered /home/tbullers/.rbenv/versions/2.3.3/lib/ruby/gems/2.3.0/gems/railties-5.0.1/lib/rails/templates/rails/welcome/index.html.erb (6.6ms)
Completed 200 OK in 9ms (Views: 7.7ms | ActiveRecord: 0.0ms)


Started GET "/" for 10.0.2.2 at 2016-12-26 13:51:11 -0500
Cannot render console from 10.0.2.2! Allowed networks: 127.0.0.1, ::1, 127.0.0.0/127.255.255.255
  [1m[36mActiveRecord::SchemaMigration Load (0.3ms)[0m  [1m[34mSELECT "schema_migrations".* FROM "schema_migrations"[0m
Processing by Rails::WelcomeController#index as HTML
  Parameters: {"internal"=>true}
  Rendering /home/tbullers/.rbenv/versions/2.3.3/lib/ruby/gems/2.3.0/gems/railties-5.0.1/lib/rails/templates/rails/welcome/index.html.erb
  Rendered /home/tbullers/.rbenv/versions/2.3.3/lib/ruby/gems/2.3.0/gems/railties-5.0.1/lib/rails/templates/rails/welcome/index.html.erb (2.9ms)
Completed 200 OK in 32ms (Views: 12.6ms | ActiveRecord: 0.0ms)


